2024-05-24 16:37:39,982 INFO: Starting download for 199101
2024-05-24 16:37:41,433 INFO: Welcome to the CDS
2024-05-24 16:37:41,433 INFO: Sending request to https://cds.climate.copernicus.eu/api/v2/resources/efas-seasonal-reforecast
2024-05-24 16:37:41,577 INFO: Request is queued
2024-05-24 16:37:42,657 INFO: Request is running
2024-05-24 18:17:12,290 INFO: Request is completed
2024-05-24 18:17:12,306 INFO: Downloading https://download-0000-clone.copernicus-climate.eu/cache-compute-0000/cache/data3/adaptor.mars_and_url.retrieve-1716567406.7596142-11434-16-edf49500-abba-455b-b591-6bb79fa90fad.zip to 199101_efas_seasonal_reforecast.nc (156M)
2024-05-24 18:36:45,968 INFO: Download rate 136.1K/s
2024-05-24 18:36:47,487 INFO: Download successful: 199101_efas_seasonal_reforecast.nc
2024-05-24 18:36:47,487 INFO: Starting download for 199102
2024-05-24 18:36:47,571 INFO: Welcome to the CDS
2024-05-24 18:36:47,571 INFO: Sending request to https://cds.climate.copernicus.eu/api/v2/resources/efas-seasonal-reforecast
2024-05-24 18:36:47,735 INFO: Request is queued
2024-05-24 18:36:48,823 INFO: Request is running
2024-05-24 18:45:37,926 INFO: Starting download for 199101
2024-05-24 18:45:39,339 INFO: Welcome to the CDS
2024-05-24 18:45:39,339 INFO: Sending request to https://cds.climate.copernicus.eu/api/v2/resources/efas-seasonal-reforecast
2024-05-24 18:45:39,703 INFO: Request is completed
2024-05-24 18:45:39,703 INFO: Downloading https://download-0000-clone.copernicus-climate.eu/cache-compute-0000/cache/data3/adaptor.mars_and_url.retrieve-1716567406.7596142-11434-16-edf49500-abba-455b-b591-6bb79fa90fad.zip to C:\Users\dottacor\OneDrive - Stichting Deltares\Documents\Git\Msc-Thesis\EFAS\Reforecast\199101_efas_seasonal_reforecast.nc (156M)
2024-05-24 19:02:58,217 INFO: Download rate 153.8K/s
2024-05-24 19:02:59,727 INFO: Download successful: C:\Users\dottacor\OneDrive - Stichting Deltares\Documents\Git\Msc-Thesis\EFAS\Reforecast\199101_efas_seasonal_reforecast.nc
2024-05-24 19:02:59,728 INFO: Starting download for 199102
2024-05-24 19:02:59,802 INFO: Welcome to the CDS
2024-05-24 19:02:59,803 INFO: Sending request to https://cds.climate.copernicus.eu/api/v2/resources/efas-seasonal-reforecast
2024-05-24 19:02:59,921 INFO: Request is queued
2024-05-24 19:12:07,400 INFO: Starting download for 199101
2024-05-24 19:12:08,644 INFO: Welcome to the CDS
2024-05-24 19:12:08,644 INFO: Sending request to https://cds.climate.copernicus.eu/api/v2/resources/efas-seasonal-reforecast
2024-05-24 19:12:08,807 INFO: Request is queued
2024-05-24 19:12:09,893 INFO: Request is running
2024-05-24 19:18:29,867 INFO: Request is queued
2024-05-24 19:20:31,340 INFO: Request is running
2024-05-24 20:47:27,038 INFO: Request is completed
2024-05-24 20:47:27,038 INFO: Downloading https://download-0016.copernicus-climate.eu/cache-compute-0016/cache/data3/adaptor.mars_and_url.retrieve-1716576436.3768013-23654-15-94abd24e-f2b3-4da2-a930-146ffc52c50b.zip to C:\Users\dottacor\OneDrive - Stichting Deltares\Documents\Git\Msc-Thesis\EFAS\Reforecast\199101_efas_seasonal_reforecast.zip (44.3M)
2024-05-24 20:50:39,238 INFO: Download rate 235.8K/s
2024-05-24 20:50:40,433 INFO: Download successful: C:\Users\dottacor\OneDrive - Stichting Deltares\Documents\Git\Msc-Thesis\EFAS\Reforecast\199101_efas_seasonal_reforecast.zip
2024-05-24 20:50:40,512 ERROR: Extraction failed for C:\Users\dottacor\OneDrive - Stichting Deltares\Documents\Git\Msc-Thesis\EFAS\Reforecast\199101_efas_seasonal_reforecast.zip
2024-05-24 20:50:40,512 INFO: All downloads completed.
