2024-06-17 21:12:53,298 INFO: Initiating logging. Please note that date/time stamps within log file are in local time.
2024-06-17 21:12:53,334 DEBUG: Running script as user dottacor
2024-06-17 21:16:38,699 INFO: Initiating logging. Please note that date/time stamps within log file are in local time.
2024-06-17 21:16:38,700 DEBUG: Running script as user dottacor
2024-06-17 21:16:58,200 INFO: Initiating logging. Please note that date/time stamps within log file are in local time.
2024-06-17 21:16:58,201 DEBUG: Running script as user dottacor
2024-06-17 21:16:59,901 INFO: csv file with tasks has been imported into dataframe
2024-06-17 21:17:06,824 INFO: Creating xml file headers
2024-06-17 21:17:06,825 INFO: Creating 36 taskProperties elements
2024-06-17 21:17:06,831 DEBUG: Creating taskProperties element for wflow_sbm_rhine_20230314 @ 2013-01-01T00:00:00
2024-06-17 21:17:06,833 DEBUG: Creating taskProperties element for wflow_sbm_rhine_20230314 @ 2013-02-01T00:00:00
2024-06-17 21:17:06,834 DEBUG: Creating taskProperties element for wflow_sbm_rhine_20230314 @ 2013-03-01T00:00:00
2024-06-17 21:17:06,836 DEBUG: Creating taskProperties element for wflow_sbm_rhine_20230314 @ 2013-04-01T00:00:00
2024-06-17 21:17:06,837 DEBUG: Creating taskProperties element for wflow_sbm_rhine_20230314 @ 2013-05-01T00:00:00
2024-06-17 21:17:06,838 DEBUG: Creating taskProperties element for wflow_sbm_rhine_20230314 @ 2013-06-01T00:00:00
2024-06-17 21:17:06,839 DEBUG: Creating taskProperties element for wflow_sbm_rhine_20230314 @ 2013-07-01T00:00:00
2024-06-17 21:17:06,840 DEBUG: Creating taskProperties element for wflow_sbm_rhine_20230314 @ 2013-08-01T00:00:00
2024-06-17 21:17:06,841 DEBUG: Creating taskProperties element for wflow_sbm_rhine_20230314 @ 2013-09-01T00:00:00
2024-06-17 21:17:06,842 DEBUG: Creating taskProperties element for wflow_sbm_rhine_20230314 @ 2013-10-01T00:00:00
2024-06-17 21:17:06,843 DEBUG: Creating taskProperties element for wflow_sbm_rhine_20230314 @ 2013-11-01T00:00:00
2024-06-17 21:17:06,844 DEBUG: Creating taskProperties element for wflow_sbm_rhine_20230314 @ 2013-12-01T00:00:00
2024-06-17 21:17:06,846 DEBUG: Creating taskProperties element for wflow_sbm_rhine_20230314 @ 2014-01-01T00:00:00
2024-06-17 21:17:06,848 DEBUG: Creating taskProperties element for wflow_sbm_rhine_20230314 @ 2014-02-01T00:00:00
2024-06-17 21:17:06,849 DEBUG: Creating taskProperties element for wflow_sbm_rhine_20230314 @ 2014-03-01T00:00:00
2024-06-17 21:17:06,850 DEBUG: Creating taskProperties element for wflow_sbm_rhine_20230314 @ 2014-04-01T00:00:00
2024-06-17 21:17:06,852 DEBUG: Creating taskProperties element for wflow_sbm_rhine_20230314 @ 2014-05-01T00:00:00
2024-06-17 21:17:06,853 DEBUG: Creating taskProperties element for wflow_sbm_rhine_20230314 @ 2014-06-01T00:00:00
2024-06-17 21:17:06,854 DEBUG: Creating taskProperties element for wflow_sbm_rhine_20230314 @ 2014-07-01T00:00:00
2024-06-17 21:17:06,855 DEBUG: Creating taskProperties element for wflow_sbm_rhine_20230314 @ 2014-08-01T00:00:00
2024-06-17 21:17:06,856 DEBUG: Creating taskProperties element for wflow_sbm_rhine_20230314 @ 2014-09-01T00:00:00
2024-06-17 21:17:06,857 DEBUG: Creating taskProperties element for wflow_sbm_rhine_20230314 @ 2014-10-01T00:00:00
2024-06-17 21:17:06,858 DEBUG: Creating taskProperties element for wflow_sbm_rhine_20230314 @ 2014-11-01T00:00:00
2024-06-17 21:17:06,859 DEBUG: Creating taskProperties element for wflow_sbm_rhine_20230314 @ 2014-12-01T00:00:00
2024-06-17 21:17:06,860 DEBUG: Creating taskProperties element for wflow_sbm_rhine_20230314 @ 2015-01-01T00:00:00
2024-06-17 21:17:06,863 DEBUG: Creating taskProperties element for wflow_sbm_rhine_20230314 @ 2015-02-01T00:00:00
2024-06-17 21:17:06,864 DEBUG: Creating taskProperties element for wflow_sbm_rhine_20230314 @ 2015-03-01T00:00:00
2024-06-17 21:17:06,865 DEBUG: Creating taskProperties element for wflow_sbm_rhine_20230314 @ 2015-04-01T00:00:00
2024-06-17 21:17:06,867 DEBUG: Creating taskProperties element for wflow_sbm_rhine_20230314 @ 2015-05-01T00:00:00
2024-06-17 21:17:06,867 DEBUG: Creating taskProperties element for wflow_sbm_rhine_20230314 @ 2015-06-01T00:00:00
2024-06-17 21:17:06,869 DEBUG: Creating taskProperties element for wflow_sbm_rhine_20230314 @ 2015-07-01T00:00:00
2024-06-17 21:17:06,870 DEBUG: Creating taskProperties element for wflow_sbm_rhine_20230314 @ 2015-08-01T00:00:00
2024-06-17 21:17:06,871 DEBUG: Creating taskProperties element for wflow_sbm_rhine_20230314 @ 2015-09-01T00:00:00
2024-06-17 21:17:06,872 DEBUG: Creating taskProperties element for wflow_sbm_rhine_20230314 @ 2015-10-01T00:00:00
2024-06-17 21:17:06,874 DEBUG: Creating taskProperties element for wflow_sbm_rhine_20230314 @ 2015-11-01T00:00:00
2024-06-17 21:17:06,875 DEBUG: Creating taskProperties element for wflow_sbm_rhine_20230314 @ 2015-12-01T00:00:00
2024-06-17 21:17:06,876 INFO: Writing xml root to file
2024-06-17 21:22:10,140 INFO: Initiating logging. Please note that date/time stamps within log file are in local time.
2024-06-17 21:22:10,142 DEBUG: Running script as user dottacor
2024-06-17 21:23:03,025 INFO: Initiating logging. Please note that date/time stamps within log file are in local time.
2024-06-17 21:23:03,026 DEBUG: Running script as user dottacor
2024-06-17 21:26:22,205 INFO: Initiating logging. Please note that date/time stamps within log file are in local time.
2024-06-17 21:26:22,207 DEBUG: Running script as user dottacor
2024-06-17 21:26:42,954 INFO: Initiating logging. Please note that date/time stamps within log file are in local time.
2024-06-17 21:26:42,954 DEBUG: Running script as user dottacor
2024-06-17 21:31:59,421 INFO: Initiating logging. Please note that date/time stamps within log file are in local time.
2024-06-17 21:31:59,421 DEBUG: Running script as user dottacor
2024-06-17 21:34:25,293 INFO: csv file with tasks has been imported into dataframe
2024-06-17 21:34:27,441 INFO: Creating xml file headers
2024-06-17 21:34:27,442 INFO: Creating 39 taskProperties elements
2024-06-17 21:34:27,446 DEBUG: Creating taskProperties element for wflow_sbm_rhine_20230314_forecast_seas5 @ 2013-01-01T00:00:00
2024-06-17 21:34:27,448 DEBUG: Creating taskProperties element for wflow_sbm_rhine_20230314_forecast_seas5 @ 2013-02-01T00:00:00
2024-06-17 21:34:27,449 DEBUG: Creating taskProperties element for wflow_sbm_rhine_20230314_forecast_seas5 @ 2013-03-01T00:00:00
2024-06-17 21:34:27,450 DEBUG: Creating taskProperties element for wflow_sbm_rhine_20230314_forecast_seas5 @ 2013-04-01T00:00:00
2024-06-17 21:34:27,451 DEBUG: Creating taskProperties element for wflow_sbm_rhine_20230314_forecast_seas5 @ 2013-05-01T00:00:00
2024-06-17 21:34:27,452 DEBUG: Creating taskProperties element for wflow_sbm_rhine_20230314_forecast_seas5 @ 2013-06-01T00:00:00
2024-06-17 21:34:27,454 DEBUG: Creating taskProperties element for wflow_sbm_rhine_20230314_forecast_seas5 @ 2013-07-01T00:00:00
2024-06-17 21:34:27,457 DEBUG: Creating taskProperties element for wflow_sbm_rhine_20230314_forecast_seas5 @ 2013-08-01T00:00:00
2024-06-17 21:34:27,461 DEBUG: Creating taskProperties element for wflow_sbm_rhine_20230314_forecast_seas5 @ 2013-09-01T00:00:00
2024-06-17 21:34:27,463 DEBUG: Creating taskProperties element for wflow_sbm_rhine_20230314_forecast_seas5 @ 2013-10-01T00:00:00
2024-06-17 21:34:27,464 DEBUG: Creating taskProperties element for wflow_sbm_rhine_20230314_forecast_seas5 @ 2013-11-01T00:00:00
2024-06-17 21:34:27,467 DEBUG: Creating taskProperties element for wflow_sbm_rhine_20230314_forecast_seas5 @ 2013-12-01T00:00:00
2024-06-17 21:34:27,468 DEBUG: Creating taskProperties element for wflow_sbm_rhine_20230314_forecast_seas5 @ 2014-01-01T00:00:00
2024-06-17 21:34:27,470 DEBUG: Creating taskProperties element for wflow_sbm_rhine_20230314_forecast_seas5 @ 2014-02-01T00:00:00
2024-06-17 21:34:27,471 DEBUG: Creating taskProperties element for wflow_sbm_rhine_20230314_forecast_seas5 @ 2014-03-01T00:00:00
2024-06-17 21:34:27,472 DEBUG: Creating taskProperties element for wflow_sbm_rhine_20230314_forecast_seas5 @ 2014-04-01T00:00:00
2024-06-17 21:34:27,473 DEBUG: Creating taskProperties element for wflow_sbm_rhine_20230314_forecast_seas5 @ 2014-05-01T00:00:00
2024-06-17 21:34:27,474 DEBUG: Creating taskProperties element for wflow_sbm_rhine_20230314_forecast_seas5 @ 2014-06-01T00:00:00
2024-06-17 21:34:27,477 DEBUG: Creating taskProperties element for wflow_sbm_rhine_20230314_forecast_seas5 @ 2014-07-01T00:00:00
2024-06-17 21:34:27,478 DEBUG: Creating taskProperties element for wflow_sbm_rhine_20230314_forecast_seas5 @ 2014-08-01T00:00:00
2024-06-17 21:34:27,479 DEBUG: Creating taskProperties element for wflow_sbm_rhine_20230314_forecast_seas5 @ 2014-09-01T00:00:00
2024-06-17 21:34:27,481 DEBUG: Creating taskProperties element for wflow_sbm_rhine_20230314_forecast_seas5 @ 2014-10-01T00:00:00
2024-06-17 21:34:27,482 DEBUG: Creating taskProperties element for wflow_sbm_rhine_20230314_forecast_seas5 @ 2014-11-01T00:00:00
2024-06-17 21:34:27,484 DEBUG: Creating taskProperties element for wflow_sbm_rhine_20230314_forecast_seas5 @ 2014-12-01T00:00:00
2024-06-17 21:34:27,485 DEBUG: Creating taskProperties element for wflow_sbm_rhine_20230314_forecast_seas5 @ 2015-01-01T00:00:00
2024-06-17 21:34:27,486 DEBUG: Creating taskProperties element for wflow_sbm_rhine_20230314_forecast_seas5 @ 2015-02-01T00:00:00
2024-06-17 21:34:27,487 DEBUG: Creating taskProperties element for wflow_sbm_rhine_20230314_forecast_seas5 @ 2015-03-01T00:00:00
2024-06-17 21:34:27,488 DEBUG: Creating taskProperties element for wflow_sbm_rhine_20230314_forecast_seas5 @ 2015-04-01T00:00:00
2024-06-17 21:34:27,490 DEBUG: Creating taskProperties element for wflow_sbm_rhine_20230314_forecast_seas5 @ 2015-05-01T00:00:00
2024-06-17 21:34:27,491 DEBUG: Creating taskProperties element for wflow_sbm_rhine_20230314_forecast_seas5 @ 2015-06-01T00:00:00
2024-06-17 21:34:27,494 DEBUG: Creating taskProperties element for wflow_sbm_rhine_20230314_forecast_seas5 @ 2015-07-01T00:00:00
2024-06-17 21:34:27,495 DEBUG: Creating taskProperties element for wflow_sbm_rhine_20230314_forecast_seas5 @ 2015-08-01T00:00:00
2024-06-17 21:34:27,496 DEBUG: Creating taskProperties element for wflow_sbm_rhine_20230314_forecast_seas5 @ 2015-09-01T00:00:00
2024-06-17 21:34:27,497 DEBUG: Creating taskProperties element for wflow_sbm_rhine_20230314_forecast_seas5 @ 2015-10-01T00:00:00
2024-06-17 21:34:27,498 DEBUG: Creating taskProperties element for wflow_sbm_rhine_20230314_forecast_seas5 @ 2015-11-01T00:00:00
2024-06-17 21:34:27,499 DEBUG: Creating taskProperties element for wflow_sbm_rhine_20230314_forecast_seas5 @ 2015-12-01T00:00:00
2024-06-17 21:34:41,142 INFO: Initiating logging. Please note that date/time stamps within log file are in local time.
2024-06-17 21:34:41,143 DEBUG: Running script as user dottacor
2024-06-17 21:34:41,795 INFO: csv file with tasks has been imported into dataframe
2024-06-17 21:34:43,285 INFO: Creating xml file headers
2024-06-17 21:34:43,287 INFO: Creating 39 taskProperties elements
2024-06-17 21:34:43,289 DEBUG: Creating taskProperties element for wflow_sbm_rhine_20230314_forecast_seas5 @ 2013-01-01T00:00:00
2024-06-17 21:34:43,291 DEBUG: Creating taskProperties element for wflow_sbm_rhine_20230314_forecast_seas5 @ 2013-02-01T00:00:00
2024-06-17 21:34:43,293 DEBUG: Creating taskProperties element for wflow_sbm_rhine_20230314_forecast_seas5 @ 2013-03-01T00:00:00
2024-06-17 21:34:43,295 DEBUG: Creating taskProperties element for wflow_sbm_rhine_20230314_forecast_seas5 @ 2013-04-01T00:00:00
2024-06-17 21:34:43,296 DEBUG: Creating taskProperties element for wflow_sbm_rhine_20230314_forecast_seas5 @ 2013-05-01T00:00:00
2024-06-17 21:34:43,297 DEBUG: Creating taskProperties element for wflow_sbm_rhine_20230314_forecast_seas5 @ 2013-06-01T00:00:00
2024-06-17 21:34:43,299 DEBUG: Creating taskProperties element for wflow_sbm_rhine_20230314_forecast_seas5 @ 2013-07-01T00:00:00
2024-06-17 21:34:43,300 DEBUG: Creating taskProperties element for wflow_sbm_rhine_20230314_forecast_seas5 @ 2013-08-01T00:00:00
2024-06-17 21:34:43,301 DEBUG: Creating taskProperties element for wflow_sbm_rhine_20230314_forecast_seas5 @ 2013-09-01T00:00:00
2024-06-17 21:34:43,303 DEBUG: Creating taskProperties element for wflow_sbm_rhine_20230314_forecast_seas5 @ 2013-10-01T00:00:00
2024-06-17 21:34:43,305 DEBUG: Creating taskProperties element for wflow_sbm_rhine_20230314_forecast_seas5 @ 2013-11-01T00:00:00
2024-06-17 21:34:43,307 DEBUG: Creating taskProperties element for wflow_sbm_rhine_20230314_forecast_seas5 @ 2013-12-01T00:00:00
2024-06-17 21:34:43,308 DEBUG: Creating taskProperties element for wflow_sbm_rhine_20230314_forecast_seas5 @ 2014-01-01T00:00:00
2024-06-17 21:34:43,309 DEBUG: Creating taskProperties element for wflow_sbm_rhine_20230314_forecast_seas5 @ 2014-02-01T00:00:00
2024-06-17 21:34:43,311 DEBUG: Creating taskProperties element for wflow_sbm_rhine_20230314_forecast_seas5 @ 2014-03-01T00:00:00
2024-06-17 21:34:43,313 DEBUG: Creating taskProperties element for wflow_sbm_rhine_20230314_forecast_seas5 @ 2014-04-01T00:00:00
2024-06-17 21:34:43,314 DEBUG: Creating taskProperties element for wflow_sbm_rhine_20230314_forecast_seas5 @ 2014-05-01T00:00:00
2024-06-17 21:34:43,314 DEBUG: Creating taskProperties element for wflow_sbm_rhine_20230314_forecast_seas5 @ 2014-06-01T00:00:00
2024-06-17 21:34:43,316 DEBUG: Creating taskProperties element for wflow_sbm_rhine_20230314_forecast_seas5 @ 2014-07-01T00:00:00
2024-06-17 21:34:43,318 DEBUG: Creating taskProperties element for wflow_sbm_rhine_20230314_forecast_seas5 @ 2014-08-01T00:00:00
2024-06-17 21:34:43,319 DEBUG: Creating taskProperties element for wflow_sbm_rhine_20230314_forecast_seas5 @ 2014-09-01T00:00:00
2024-06-17 21:34:43,321 DEBUG: Creating taskProperties element for wflow_sbm_rhine_20230314_forecast_seas5 @ 2014-10-01T00:00:00
2024-06-17 21:34:43,323 DEBUG: Creating taskProperties element for wflow_sbm_rhine_20230314_forecast_seas5 @ 2014-11-01T00:00:00
2024-06-17 21:34:43,324 DEBUG: Creating taskProperties element for wflow_sbm_rhine_20230314_forecast_seas5 @ 2014-12-01T00:00:00
2024-06-17 21:34:43,325 DEBUG: Creating taskProperties element for wflow_sbm_rhine_20230314_forecast_seas5 @ 2015-01-01T00:00:00
2024-06-17 21:34:43,326 DEBUG: Creating taskProperties element for wflow_sbm_rhine_20230314_forecast_seas5 @ 2015-02-01T00:00:00
2024-06-17 21:34:43,328 DEBUG: Creating taskProperties element for wflow_sbm_rhine_20230314_forecast_seas5 @ 2015-03-01T00:00:00
2024-06-17 21:34:43,329 DEBUG: Creating taskProperties element for wflow_sbm_rhine_20230314_forecast_seas5 @ 2015-04-01T00:00:00
2024-06-17 21:34:43,331 DEBUG: Creating taskProperties element for wflow_sbm_rhine_20230314_forecast_seas5 @ 2015-05-01T00:00:00
2024-06-17 21:34:43,332 DEBUG: Creating taskProperties element for wflow_sbm_rhine_20230314_forecast_seas5 @ 2015-06-01T00:00:00
2024-06-17 21:34:43,341 DEBUG: Creating taskProperties element for wflow_sbm_rhine_20230314_forecast_seas5 @ 2015-07-01T00:00:00
2024-06-17 21:34:43,342 DEBUG: Creating taskProperties element for wflow_sbm_rhine_20230314_forecast_seas5 @ 2015-08-01T00:00:00
2024-06-17 21:34:43,345 DEBUG: Creating taskProperties element for wflow_sbm_rhine_20230314_forecast_seas5 @ 2015-09-01T00:00:00
2024-06-17 21:34:43,347 DEBUG: Creating taskProperties element for wflow_sbm_rhine_20230314_forecast_seas5 @ 2015-10-01T00:00:00
2024-06-17 21:34:43,348 DEBUG: Creating taskProperties element for wflow_sbm_rhine_20230314_forecast_seas5 @ 2015-11-01T00:00:00
2024-06-17 21:34:43,349 DEBUG: Creating taskProperties element for wflow_sbm_rhine_20230314_forecast_seas5 @ 2015-12-01T00:00:00
2024-06-17 21:40:28,725 INFO: Initiating logging. Please note that date/time stamps within log file are in local time.
2024-06-17 21:40:28,725 DEBUG: Running script as user dottacor
2024-06-17 21:42:24,977 INFO: Initiating logging. Please note that date/time stamps within log file are in local time.
2024-06-17 21:42:24,977 DEBUG: Running script as user dottacor
2024-06-17 21:43:09,078 INFO: csv file with tasks has been imported into dataframe
2024-06-17 21:43:15,347 INFO: Creating xml file headers
2024-06-17 21:43:15,348 INFO: Creating 39 taskProperties elements
2024-06-17 21:43:15,350 DEBUG: Creating taskProperties element for wflow_sbm_rhine_20230314_forecast_seas5 @ 2013-01-01T00:00:00
2024-06-17 21:43:15,351 DEBUG: Creating taskProperties element for wflow_sbm_rhine_20230314_forecast_seas5 @ 2013-02-01T00:00:00
2024-06-17 21:43:15,352 DEBUG: Creating taskProperties element for wflow_sbm_rhine_20230314_forecast_seas5 @ 2013-03-01T00:00:00
2024-06-17 21:43:15,353 DEBUG: Creating taskProperties element for wflow_sbm_rhine_20230314_forecast_seas5 @ 2013-04-01T00:00:00
2024-06-17 21:43:15,354 DEBUG: Creating taskProperties element for wflow_sbm_rhine_20230314_forecast_seas5 @ 2013-05-01T00:00:00
2024-06-17 21:43:15,356 DEBUG: Creating taskProperties element for wflow_sbm_rhine_20230314_forecast_seas5 @ 2013-06-01T00:00:00
2024-06-17 21:43:15,357 DEBUG: Creating taskProperties element for wflow_sbm_rhine_20230314_forecast_seas5 @ 2013-07-01T00:00:00
2024-06-17 21:43:15,359 DEBUG: Creating taskProperties element for wflow_sbm_rhine_20230314_forecast_seas5 @ 2013-08-01T00:00:00
2024-06-17 21:43:15,361 DEBUG: Creating taskProperties element for wflow_sbm_rhine_20230314_forecast_seas5 @ 2013-09-01T00:00:00
2024-06-17 21:43:15,362 DEBUG: Creating taskProperties element for wflow_sbm_rhine_20230314_forecast_seas5 @ 2013-10-01T00:00:00
2024-06-17 21:43:15,364 DEBUG: Creating taskProperties element for wflow_sbm_rhine_20230314_forecast_seas5 @ 2013-11-01T00:00:00
2024-06-17 21:43:15,365 DEBUG: Creating taskProperties element for wflow_sbm_rhine_20230314_forecast_seas5 @ 2013-12-01T00:00:00
2024-06-17 21:43:15,366 DEBUG: Creating taskProperties element for wflow_sbm_rhine_20230314_forecast_seas5 @ 2014-01-01T00:00:00
2024-06-17 21:43:15,367 DEBUG: Creating taskProperties element for wflow_sbm_rhine_20230314_forecast_seas5 @ 2014-02-01T00:00:00
2024-06-17 21:43:15,368 DEBUG: Creating taskProperties element for wflow_sbm_rhine_20230314_forecast_seas5 @ 2014-03-01T00:00:00
2024-06-17 21:43:15,369 DEBUG: Creating taskProperties element for wflow_sbm_rhine_20230314_forecast_seas5 @ 2014-04-01T00:00:00
2024-06-17 21:43:15,370 DEBUG: Creating taskProperties element for wflow_sbm_rhine_20230314_forecast_seas5 @ 2014-05-01T00:00:00
2024-06-17 21:43:15,371 DEBUG: Creating taskProperties element for wflow_sbm_rhine_20230314_forecast_seas5 @ 2014-06-01T00:00:00
2024-06-17 21:43:15,372 DEBUG: Creating taskProperties element for wflow_sbm_rhine_20230314_forecast_seas5 @ 2014-07-01T00:00:00
2024-06-17 21:43:15,372 DEBUG: Creating taskProperties element for wflow_sbm_rhine_20230314_forecast_seas5 @ 2014-08-01T00:00:00
2024-06-17 21:43:15,374 DEBUG: Creating taskProperties element for wflow_sbm_rhine_20230314_forecast_seas5 @ 2014-09-01T00:00:00
2024-06-17 21:43:15,375 DEBUG: Creating taskProperties element for wflow_sbm_rhine_20230314_forecast_seas5 @ 2014-10-01T00:00:00
2024-06-17 21:43:15,380 DEBUG: Creating taskProperties element for wflow_sbm_rhine_20230314_forecast_seas5 @ 2014-11-01T00:00:00
2024-06-17 21:43:15,382 DEBUG: Creating taskProperties element for wflow_sbm_rhine_20230314_forecast_seas5 @ 2014-12-01T00:00:00
2024-06-17 21:43:15,385 DEBUG: Creating taskProperties element for wflow_sbm_rhine_20230314_forecast_seas5 @ 2015-01-01T00:00:00
2024-06-17 21:43:15,387 DEBUG: Creating taskProperties element for wflow_sbm_rhine_20230314_forecast_seas5 @ 2015-02-01T00:00:00
2024-06-17 21:43:15,388 DEBUG: Creating taskProperties element for wflow_sbm_rhine_20230314_forecast_seas5 @ 2015-03-01T00:00:00
2024-06-17 21:43:15,389 DEBUG: Creating taskProperties element for wflow_sbm_rhine_20230314_forecast_seas5 @ 2015-04-01T00:00:00
2024-06-17 21:43:15,390 DEBUG: Creating taskProperties element for wflow_sbm_rhine_20230314_forecast_seas5 @ 2015-05-01T00:00:00
2024-06-17 21:43:15,393 DEBUG: Creating taskProperties element for wflow_sbm_rhine_20230314_forecast_seas5 @ 2015-06-01T00:00:00
2024-06-17 21:43:15,395 DEBUG: Creating taskProperties element for wflow_sbm_rhine_20230314_forecast_seas5 @ 2015-07-01T00:00:00
2024-06-17 21:43:15,396 DEBUG: Creating taskProperties element for wflow_sbm_rhine_20230314_forecast_seas5 @ 2015-08-01T00:00:00
2024-06-17 21:43:15,397 DEBUG: Creating taskProperties element for wflow_sbm_rhine_20230314_forecast_seas5 @ 2015-09-01T00:00:00
2024-06-17 21:43:15,397 DEBUG: Creating taskProperties element for wflow_sbm_rhine_20230314_forecast_seas5 @ 2015-10-01T00:00:00
2024-06-17 21:43:15,398 DEBUG: Creating taskProperties element for wflow_sbm_rhine_20230314_forecast_seas5 @ 2015-11-01T00:00:00
2024-06-17 21:43:15,398 DEBUG: Creating taskProperties element for wflow_sbm_rhine_20230314_forecast_seas5 @ 2015-12-01T00:00:00
2024-06-17 21:43:31,511 INFO: Creating xml file headers
2024-06-17 21:43:31,512 INFO: Creating 39 taskProperties elements
2024-06-17 21:43:31,514 DEBUG: Creating taskProperties element for wflow_sbm_rhine_20230314_forecast_seas5 @ 2013-01-01T00:00
2024-06-17 21:43:31,516 DEBUG: Creating taskProperties element for wflow_sbm_rhine_20230314_forecast_seas5 @ 2013-02-01T00:00
2024-06-17 21:43:31,518 DEBUG: Creating taskProperties element for wflow_sbm_rhine_20230314_forecast_seas5 @ 2013-03-01T00:00
2024-06-17 21:43:31,519 DEBUG: Creating taskProperties element for wflow_sbm_rhine_20230314_forecast_seas5 @ 2013-04-01T00:00
2024-06-17 21:43:31,520 DEBUG: Creating taskProperties element for wflow_sbm_rhine_20230314_forecast_seas5 @ 2013-05-01T00:00
2024-06-17 21:43:31,521 DEBUG: Creating taskProperties element for wflow_sbm_rhine_20230314_forecast_seas5 @ 2013-06-01T00:00
2024-06-17 21:43:31,522 DEBUG: Creating taskProperties element for wflow_sbm_rhine_20230314_forecast_seas5 @ 2013-07-01T00:00
2024-06-17 21:43:31,523 DEBUG: Creating taskProperties element for wflow_sbm_rhine_20230314_forecast_seas5 @ 2013-08-01T00:00
2024-06-17 21:43:31,524 DEBUG: Creating taskProperties element for wflow_sbm_rhine_20230314_forecast_seas5 @ 2013-09-01T00:00
2024-06-17 21:43:31,525 DEBUG: Creating taskProperties element for wflow_sbm_rhine_20230314_forecast_seas5 @ 2013-10-01T00:00
2024-06-17 21:43:31,526 DEBUG: Creating taskProperties element for wflow_sbm_rhine_20230314_forecast_seas5 @ 2013-11-01T00:00
2024-06-17 21:43:31,527 DEBUG: Creating taskProperties element for wflow_sbm_rhine_20230314_forecast_seas5 @ 2013-12-01T00:00
2024-06-17 21:43:31,529 DEBUG: Creating taskProperties element for wflow_sbm_rhine_20230314_forecast_seas5 @ 2014-01-01T00:00
2024-06-17 21:43:31,531 DEBUG: Creating taskProperties element for wflow_sbm_rhine_20230314_forecast_seas5 @ 2014-02-01T00:00
2024-06-17 21:43:31,532 DEBUG: Creating taskProperties element for wflow_sbm_rhine_20230314_forecast_seas5 @ 2014-03-01T00:00
2024-06-17 21:43:31,533 DEBUG: Creating taskProperties element for wflow_sbm_rhine_20230314_forecast_seas5 @ 2014-04-01T00:00
2024-06-17 21:43:31,534 DEBUG: Creating taskProperties element for wflow_sbm_rhine_20230314_forecast_seas5 @ 2014-05-01T00:00
2024-06-17 21:43:31,535 DEBUG: Creating taskProperties element for wflow_sbm_rhine_20230314_forecast_seas5 @ 2014-06-01T00:00
2024-06-17 21:43:31,536 DEBUG: Creating taskProperties element for wflow_sbm_rhine_20230314_forecast_seas5 @ 2014-07-01T00:00
2024-06-17 21:43:31,537 DEBUG: Creating taskProperties element for wflow_sbm_rhine_20230314_forecast_seas5 @ 2014-08-01T00:00
2024-06-17 21:43:31,539 DEBUG: Creating taskProperties element for wflow_sbm_rhine_20230314_forecast_seas5 @ 2014-09-01T00:00
2024-06-17 21:43:31,540 DEBUG: Creating taskProperties element for wflow_sbm_rhine_20230314_forecast_seas5 @ 2014-10-01T00:00
2024-06-17 21:43:31,541 DEBUG: Creating taskProperties element for wflow_sbm_rhine_20230314_forecast_seas5 @ 2014-11-01T00:00
2024-06-17 21:43:31,542 DEBUG: Creating taskProperties element for wflow_sbm_rhine_20230314_forecast_seas5 @ 2014-12-01T00:00
2024-06-17 21:43:31,543 DEBUG: Creating taskProperties element for wflow_sbm_rhine_20230314_forecast_seas5 @ 2015-01-01T00:00
2024-06-17 21:43:31,546 DEBUG: Creating taskProperties element for wflow_sbm_rhine_20230314_forecast_seas5 @ 2015-02-01T00:00
2024-06-17 21:43:31,547 DEBUG: Creating taskProperties element for wflow_sbm_rhine_20230314_forecast_seas5 @ 2015-03-01T00:00
2024-06-17 21:43:31,548 DEBUG: Creating taskProperties element for wflow_sbm_rhine_20230314_forecast_seas5 @ 2015-04-01T00:00
2024-06-17 21:43:31,549 DEBUG: Creating taskProperties element for wflow_sbm_rhine_20230314_forecast_seas5 @ 2015-05-01T00:00
2024-06-17 21:43:31,551 DEBUG: Creating taskProperties element for wflow_sbm_rhine_20230314_forecast_seas5 @ 2015-06-01T00:00
2024-06-17 21:43:31,552 DEBUG: Creating taskProperties element for wflow_sbm_rhine_20230314_forecast_seas5 @ 2015-07-01T00:00
2024-06-17 21:43:31,553 DEBUG: Creating taskProperties element for wflow_sbm_rhine_20230314_forecast_seas5 @ 2015-08-01T00:00
2024-06-17 21:43:31,554 DEBUG: Creating taskProperties element for wflow_sbm_rhine_20230314_forecast_seas5 @ 2015-09-01T00:00
2024-06-17 21:43:31,554 DEBUG: Creating taskProperties element for wflow_sbm_rhine_20230314_forecast_seas5 @ 2015-10-01T00:00
2024-06-17 21:43:31,556 DEBUG: Creating taskProperties element for wflow_sbm_rhine_20230314_forecast_seas5 @ 2015-11-01T00:00
2024-06-17 21:43:31,557 DEBUG: Creating taskProperties element for wflow_sbm_rhine_20230314_forecast_seas5 @ 2015-12-01T00:00
2024-06-17 21:43:50,464 INFO: Creating xml file headers
2024-06-17 21:43:50,465 INFO: Creating 39 taskProperties elements
2024-06-17 21:43:50,468 DEBUG: Creating taskProperties element for wflow_sbm_rhine_20230314_forecast_seas5 @ 2013-01-01T00:00:00
2024-06-17 21:43:50,469 DEBUG: Creating taskProperties element for wflow_sbm_rhine_20230314_forecast_seas5 @ 2013-02-01T00:00:00
2024-06-17 21:43:50,470 DEBUG: Creating taskProperties element for wflow_sbm_rhine_20230314_forecast_seas5 @ 2013-03-01T00:00:00
2024-06-17 21:43:50,471 DEBUG: Creating taskProperties element for wflow_sbm_rhine_20230314_forecast_seas5 @ 2013-04-01T00:00:00
2024-06-17 21:43:50,473 DEBUG: Creating taskProperties element for wflow_sbm_rhine_20230314_forecast_seas5 @ 2013-05-01T00:00:00
2024-06-17 21:43:50,474 DEBUG: Creating taskProperties element for wflow_sbm_rhine_20230314_forecast_seas5 @ 2013-06-01T00:00:00
2024-06-17 21:43:50,476 DEBUG: Creating taskProperties element for wflow_sbm_rhine_20230314_forecast_seas5 @ 2013-07-01T00:00:00
2024-06-17 21:43:50,477 DEBUG: Creating taskProperties element for wflow_sbm_rhine_20230314_forecast_seas5 @ 2013-08-01T00:00:00
2024-06-17 21:43:50,478 DEBUG: Creating taskProperties element for wflow_sbm_rhine_20230314_forecast_seas5 @ 2013-09-01T00:00:00
2024-06-17 21:43:50,480 DEBUG: Creating taskProperties element for wflow_sbm_rhine_20230314_forecast_seas5 @ 2013-10-01T00:00:00
2024-06-17 21:43:50,483 DEBUG: Creating taskProperties element for wflow_sbm_rhine_20230314_forecast_seas5 @ 2013-11-01T00:00:00
2024-06-17 21:43:50,483 DEBUG: Creating taskProperties element for wflow_sbm_rhine_20230314_forecast_seas5 @ 2013-12-01T00:00:00
2024-06-17 21:43:50,485 DEBUG: Creating taskProperties element for wflow_sbm_rhine_20230314_forecast_seas5 @ 2014-01-01T00:00:00
2024-06-17 21:43:50,486 DEBUG: Creating taskProperties element for wflow_sbm_rhine_20230314_forecast_seas5 @ 2014-02-01T00:00:00
2024-06-17 21:43:50,487 DEBUG: Creating taskProperties element for wflow_sbm_rhine_20230314_forecast_seas5 @ 2014-03-01T00:00:00
2024-06-17 21:43:50,487 DEBUG: Creating taskProperties element for wflow_sbm_rhine_20230314_forecast_seas5 @ 2014-04-01T00:00:00
2024-06-17 21:43:50,488 DEBUG: Creating taskProperties element for wflow_sbm_rhine_20230314_forecast_seas5 @ 2014-05-01T00:00:00
2024-06-17 21:43:50,489 DEBUG: Creating taskProperties element for wflow_sbm_rhine_20230314_forecast_seas5 @ 2014-06-01T00:00:00
2024-06-17 21:43:50,490 DEBUG: Creating taskProperties element for wflow_sbm_rhine_20230314_forecast_seas5 @ 2014-07-01T00:00:00
2024-06-17 21:43:50,491 DEBUG: Creating taskProperties element for wflow_sbm_rhine_20230314_forecast_seas5 @ 2014-08-01T00:00:00
2024-06-17 21:43:50,493 DEBUG: Creating taskProperties element for wflow_sbm_rhine_20230314_forecast_seas5 @ 2014-09-01T00:00:00
2024-06-17 21:43:50,494 DEBUG: Creating taskProperties element for wflow_sbm_rhine_20230314_forecast_seas5 @ 2014-10-01T00:00:00
2024-06-17 21:43:50,495 DEBUG: Creating taskProperties element for wflow_sbm_rhine_20230314_forecast_seas5 @ 2014-11-01T00:00:00
2024-06-17 21:43:50,496 DEBUG: Creating taskProperties element for wflow_sbm_rhine_20230314_forecast_seas5 @ 2014-12-01T00:00:00
2024-06-17 21:43:50,498 DEBUG: Creating taskProperties element for wflow_sbm_rhine_20230314_forecast_seas5 @ 2015-01-01T00:00:00
2024-06-17 21:43:50,499 DEBUG: Creating taskProperties element for wflow_sbm_rhine_20230314_forecast_seas5 @ 2015-02-01T00:00:00
2024-06-17 21:43:50,500 DEBUG: Creating taskProperties element for wflow_sbm_rhine_20230314_forecast_seas5 @ 2015-03-01T00:00:00
2024-06-17 21:43:50,502 DEBUG: Creating taskProperties element for wflow_sbm_rhine_20230314_forecast_seas5 @ 2015-04-01T00:00:00
2024-06-17 21:43:50,502 DEBUG: Creating taskProperties element for wflow_sbm_rhine_20230314_forecast_seas5 @ 2015-05-01T00:00:00
2024-06-17 21:43:50,503 DEBUG: Creating taskProperties element for wflow_sbm_rhine_20230314_forecast_seas5 @ 2015-06-01T00:00:00
2024-06-17 21:43:50,504 DEBUG: Creating taskProperties element for wflow_sbm_rhine_20230314_forecast_seas5 @ 2015-07-01T00:00:00
2024-06-17 21:43:50,506 DEBUG: Creating taskProperties element for wflow_sbm_rhine_20230314_forecast_seas5 @ 2015-08-01T00:00:00
2024-06-17 21:43:50,507 DEBUG: Creating taskProperties element for wflow_sbm_rhine_20230314_forecast_seas5 @ 2015-09-01T00:00:00
2024-06-17 21:43:50,511 DEBUG: Creating taskProperties element for wflow_sbm_rhine_20230314_forecast_seas5 @ 2015-10-01T00:00:00
2024-06-17 21:43:50,516 DEBUG: Creating taskProperties element for wflow_sbm_rhine_20230314_forecast_seas5 @ 2015-11-01T00:00:00
2024-06-17 21:43:50,526 DEBUG: Creating taskProperties element for wflow_sbm_rhine_20230314_forecast_seas5 @ 2015-12-01T00:00:00
2024-06-17 21:46:25,916 INFO: Initiating logging. Please note that date/time stamps within log file are in local time.
2024-06-17 21:46:25,916 DEBUG: Running script as user dottacor
2024-06-17 21:46:26,699 INFO: csv file with tasks has been imported into dataframe
2024-06-17 21:46:28,510 INFO: Creating xml file headers
2024-06-17 21:46:28,511 INFO: Creating 36 taskProperties elements
2024-06-17 21:46:28,516 DEBUG: Creating taskProperties element for wflow_sbm_rhine_20230314_forecast_seas5 @ 2013-01-01T00:00:00
2024-06-17 21:46:28,518 DEBUG: Creating taskProperties element for wflow_sbm_rhine_20230314_forecast_seas5 @ 2013-02-01T00:00:00
2024-06-17 21:46:28,520 DEBUG: Creating taskProperties element for wflow_sbm_rhine_20230314_forecast_seas5 @ 2013-03-01T00:00:00
2024-06-17 21:46:28,522 DEBUG: Creating taskProperties element for wflow_sbm_rhine_20230314_forecast_seas5 @ 2013-04-01T00:00:00
2024-06-17 21:46:28,523 DEBUG: Creating taskProperties element for wflow_sbm_rhine_20230314_forecast_seas5 @ 2013-05-01T00:00:00
2024-06-17 21:46:28,525 DEBUG: Creating taskProperties element for wflow_sbm_rhine_20230314_forecast_seas5 @ 2013-06-01T00:00:00
2024-06-17 21:46:28,526 DEBUG: Creating taskProperties element for wflow_sbm_rhine_20230314_forecast_seas5 @ 2013-07-01T00:00:00
2024-06-17 21:46:28,527 DEBUG: Creating taskProperties element for wflow_sbm_rhine_20230314_forecast_seas5 @ 2013-08-01T00:00:00
2024-06-17 21:46:28,528 DEBUG: Creating taskProperties element for wflow_sbm_rhine_20230314_forecast_seas5 @ 2013-09-01T00:00:00
2024-06-17 21:46:28,530 DEBUG: Creating taskProperties element for wflow_sbm_rhine_20230314_forecast_seas5 @ 2013-10-01T00:00:00
2024-06-17 21:46:28,532 DEBUG: Creating taskProperties element for wflow_sbm_rhine_20230314_forecast_seas5 @ 2013-11-01T00:00:00
2024-06-17 21:46:28,534 DEBUG: Creating taskProperties element for wflow_sbm_rhine_20230314_forecast_seas5 @ 2013-12-01T00:00:00
2024-06-17 21:46:28,535 DEBUG: Creating taskProperties element for wflow_sbm_rhine_20230314_forecast_seas5 @ 2014-01-01T00:00:00
2024-06-17 21:46:28,537 DEBUG: Creating taskProperties element for wflow_sbm_rhine_20230314_forecast_seas5 @ 2014-02-01T00:00:00
2024-06-17 21:46:28,538 DEBUG: Creating taskProperties element for wflow_sbm_rhine_20230314_forecast_seas5 @ 2014-03-01T00:00:00
2024-06-17 21:46:28,539 DEBUG: Creating taskProperties element for wflow_sbm_rhine_20230314_forecast_seas5 @ 2014-04-01T00:00:00
2024-06-17 21:46:28,540 DEBUG: Creating taskProperties element for wflow_sbm_rhine_20230314_forecast_seas5 @ 2014-05-01T00:00:00
2024-06-17 21:46:28,542 DEBUG: Creating taskProperties element for wflow_sbm_rhine_20230314_forecast_seas5 @ 2014-06-01T00:00:00
2024-06-17 21:46:28,543 DEBUG: Creating taskProperties element for wflow_sbm_rhine_20230314_forecast_seas5 @ 2014-07-01T00:00:00
2024-06-17 21:46:28,545 DEBUG: Creating taskProperties element for wflow_sbm_rhine_20230314_forecast_seas5 @ 2014-08-01T00:00:00
2024-06-17 21:46:28,546 DEBUG: Creating taskProperties element for wflow_sbm_rhine_20230314_forecast_seas5 @ 2014-09-01T00:00:00
2024-06-17 21:46:28,546 DEBUG: Creating taskProperties element for wflow_sbm_rhine_20230314_forecast_seas5 @ 2014-10-01T00:00:00
2024-06-17 21:46:28,547 DEBUG: Creating taskProperties element for wflow_sbm_rhine_20230314_forecast_seas5 @ 2014-11-01T00:00:00
2024-06-17 21:46:28,548 DEBUG: Creating taskProperties element for wflow_sbm_rhine_20230314_forecast_seas5 @ 2014-12-01T00:00:00
2024-06-17 21:46:28,549 DEBUG: Creating taskProperties element for wflow_sbm_rhine_20230314_forecast_seas5 @ 2015-01-01T00:00:00
2024-06-17 21:46:28,550 DEBUG: Creating taskProperties element for wflow_sbm_rhine_20230314_forecast_seas5 @ 2015-02-01T00:00:00
2024-06-17 21:46:28,552 DEBUG: Creating taskProperties element for wflow_sbm_rhine_20230314_forecast_seas5 @ 2015-03-01T00:00:00
2024-06-17 21:46:28,552 DEBUG: Creating taskProperties element for wflow_sbm_rhine_20230314_forecast_seas5 @ 2015-04-01T00:00:00
2024-06-17 21:46:28,553 DEBUG: Creating taskProperties element for wflow_sbm_rhine_20230314_forecast_seas5 @ 2015-05-01T00:00:00
2024-06-17 21:46:28,553 DEBUG: Creating taskProperties element for wflow_sbm_rhine_20230314_forecast_seas5 @ 2015-06-01T00:00:00
2024-06-17 21:46:28,554 DEBUG: Creating taskProperties element for wflow_sbm_rhine_20230314_forecast_seas5 @ 2015-07-01T00:00:00
2024-06-17 21:46:28,555 DEBUG: Creating taskProperties element for wflow_sbm_rhine_20230314_forecast_seas5 @ 2015-08-01T00:00:00
2024-06-17 21:46:28,556 DEBUG: Creating taskProperties element for wflow_sbm_rhine_20230314_forecast_seas5 @ 2015-09-01T00:00:00
2024-06-17 21:46:28,557 DEBUG: Creating taskProperties element for wflow_sbm_rhine_20230314_forecast_seas5 @ 2015-10-01T00:00:00
2024-06-17 21:46:28,558 DEBUG: Creating taskProperties element for wflow_sbm_rhine_20230314_forecast_seas5 @ 2015-11-01T00:00:00
2024-06-17 21:46:28,560 DEBUG: Creating taskProperties element for wflow_sbm_rhine_20230314_forecast_seas5 @ 2015-12-01T00:00:00
2024-06-17 21:46:28,560 INFO: Writing xml root to file
